
ROM used:   403/8192 (5%)
            403/8192 (5%) including unused fragments

            0.3 Average locations per line
            4.2 Average locations per statement

RAM used:   8/368 (2%) at main() level
            20/368 (5%) worst case

Stack used: 5 worst case (5 in main + 0 for interrupts)
Stack size: 8

Lines Stmts  %   Files
----- ----- ---  -----
   25    11  12  Name Display.pdsprj.c
  674     0   0  C:\Program Files (x86)\PICC\Devices\16F877A.H
  456    84  88  C:\Program Files (x86)\PICC\Drivers\lcd.c
----- -----
 1155    95 Total

Page ROM  %  RAM    Vol Diff  Functions:
---- --- --- ---    --- ----  ----------
0     20   5    1             @delay_ms1
 Inline         3    596  5.9  lcd_read_byte
0      6   1    0     59  4.2  lcd_read_nibble
0     15   4    1    179  3.3  lcd_send_nibble
0     66  16    3    460  4.7  lcd_send_byte
0     62  15    6    814  7.2  lcd_init
0     18   4    4    208  6.3  lcd_gotoxy
0     44  11    1    354  4.7  lcd_putc
0     65  16    1    240  2.2  MAIN
0      9   2    0             @const637
0     86  21    4             @PSTRINGC7_622
0      8   2    0             @const643
 Inline         0             @cinit1

Program metrics:
    Functions               8
    Statements              95
    Comments                221
    Volume (V)              4419
    Difficulty (D)          36.8
    Effort to implement (E) 162594
    Time to implement (T)   2 hours, 31 minutes
    Est Delivered Bugs (B)  1
    Cyclomatic Complexity   8
    Maintainability (MI)    146

 Segment     Used  Free
-----------  ----  ----
00000-00003     4  0  
00004-007FF   399  1645  
00800-00FFF     0  2048  
01000-017FF     0  2048  
01800-01FFF     0  2048  



