CCS PCM C Compiler, Version 5.049, 5967               03-Nov-22 01:20

               Filename:   E:\Microcontrolar Project\Name In Display\Progrumme\Name Display.pdsprj.lst

               ROM used:   403 words (5%)
                           Largest free fragment is 2048
               RAM used:   8 (2%) at main() level
                           20 (5%) worst case
               Stack used: 5 locations
               Stack size: 8

*
0000:  MOVLW  01
0001:  MOVWF  0A
0002:  GOTO   152
0003:  NOP
.................... #include <16F877A.H> 
.................... //////////// Standard Header file for the PIC16F877A device //////////////// 
.................... /////////////////////////////////////////////////////////////////////////// 
.................... ////        (C) Copyright 1996, 2014 Custom Computer Services          //// 
.................... //// This source code may only be used by licensed users of the CCS C  //// 
.................... //// compiler.  This source code may only be distributed to other      //// 
.................... //// licensed users of the CCS C compiler.  No other use, reproduction //// 
.................... //// or distribution is permitted without written permission.          //// 
.................... //// Derivative programs created using this software in object code    //// 
.................... //// form are not restricted in any way.                               //// 
.................... /////////////////////////////////////////////////////////////////////////// 
.................... #device PIC16F877A 
0004:  DATA 49,26
0005:  DATA 6F,3B
0006:  DATA 65,10
0007:  DATA D9,37
0008:  DATA 75,10
0009:  DATA 53,34
000A:  DATA 61,37
000B:  DATA F4,30
000C:  DATA 00,00
000D:  DATA 8A,21
000E:  DATA 6F,32
000F:  DATA E5,3B
0010:  DATA 69,3A
0011:  DATA E8,30
0012:  DATA 73,34
0013:  DATA E9,36
0014:  DATA 00,01
*
00FC:  MOVF   0B,W
00FD:  MOVWF  22
00FE:  BCF    0B.7
00FF:  BSF    03.5
0100:  BSF    03.6
0101:  BSF    0C.7
0102:  BSF    0C.0
0103:  NOP
0104:  NOP
0105:  BCF    03.5
0106:  BCF    03.6
0107:  BTFSC  22.7
0108:  BSF    0B.7
0109:  BSF    03.6
010A:  MOVF   0C,W
010B:  ANDLW  7F
010C:  BTFSC  03.2
010D:  GOTO   150
010E:  BCF    03.6
010F:  MOVWF  22
0110:  BSF    03.6
0111:  MOVF   0D,W
0112:  BCF    03.6
0113:  MOVWF  23
0114:  BSF    03.6
0115:  MOVF   0F,W
0116:  BCF    03.6
0117:  MOVWF  24
0118:  MOVF   22,W
0119:  MOVWF  25
011A:  CALL   0D0
011B:  MOVF   23,W
011C:  BSF    03.6
011D:  MOVWF  0D
011E:  BCF    03.6
011F:  MOVF   24,W
0120:  BSF    03.6
0121:  MOVWF  0F
0122:  BCF    03.6
0123:  MOVF   0B,W
0124:  MOVWF  25
0125:  BCF    0B.7
0126:  BSF    03.5
0127:  BSF    03.6
0128:  BSF    0C.7
0129:  BSF    0C.0
012A:  NOP
012B:  NOP
012C:  BCF    03.5
012D:  BCF    03.6
012E:  BTFSC  25.7
012F:  BSF    0B.7
0130:  BSF    03.6
0131:  RLF    0C,W
0132:  RLF    0E,W
0133:  ANDLW  7F
0134:  BTFSC  03.2
0135:  GOTO   150
0136:  BCF    03.6
0137:  MOVWF  22
0138:  BSF    03.6
0139:  MOVF   0D,W
013A:  BCF    03.6
013B:  MOVWF  23
013C:  BSF    03.6
013D:  MOVF   0F,W
013E:  BCF    03.6
013F:  MOVWF  24
0140:  MOVF   22,W
0141:  MOVWF  25
0142:  CALL   0D0
0143:  MOVF   23,W
0144:  BSF    03.6
0145:  MOVWF  0D
0146:  BCF    03.6
0147:  MOVF   24,W
0148:  BSF    03.6
0149:  MOVWF  0F
014A:  INCF   0D,F
014B:  BTFSC  03.2
014C:  INCF   0F,F
014D:  BCF    03.6
014E:  GOTO   0FC
014F:  BSF    03.6
0150:  BCF    03.6
0151:  RETURN
....................  
.................... #list 
....................  
.................... #use delay (clock=20MHz) 
*
0015:  MOVLW  27
0016:  MOVWF  04
0017:  BCF    03.7
0018:  MOVF   00,W
0019:  BTFSC  03.2
001A:  GOTO   028
001B:  MOVLW  06
001C:  MOVWF  78
001D:  CLRF   77
001E:  DECFSZ 77,F
001F:  GOTO   01E
0020:  DECFSZ 78,F
0021:  GOTO   01D
0022:  MOVLW  7B
0023:  MOVWF  77
0024:  DECFSZ 77,F
0025:  GOTO   024
0026:  DECFSZ 00,F
0027:  GOTO   01B
0028:  RETURN
.................... #fuses HS 
.................... #include <lcd.c> 
.................... /////////////////////////////////////////////////////////////////////////////// 
.................... ////                             LCD.C                                     //// 
.................... ////                 Driver for common LCD modules                         //// 
.................... ////                                                                       //// 
.................... ////  lcd_init()   Must be called before any other function.               //// 
.................... ////                                                                       //// 
.................... ////  lcd_putc(c)  Will display c on the next position of the LCD.         //// 
.................... ////                 \a  Set cursor position to upper left                 //// 
.................... ////                 \f  Clear display, set cursor to upper left           //// 
.................... ////                 \n  Go to start of second line                        //// 
.................... ////                 \b  Move back one position                            //// 
.................... ////              If LCD_EXTENDED_NEWLINE is defined, the \n character     //// 
.................... ////              will erase all remanining characters on the current      //// 
.................... ////              line, and move the cursor to the beginning of the next   //// 
.................... ////              line.                                                    //// 
.................... ////              If LCD_EXTENDED_NEWLINE is defined, the \r character     //// 
.................... ////              will move the cursor to the start of the current         //// 
.................... ////              line.                                                    //// 
.................... ////                                                                       //// 
.................... ////  lcd_gotoxy(x,y) Set write position on LCD (upper left is 1,1)        //// 
.................... ////                                                                       //// 
.................... ////  lcd_getc(x,y)   Returns character at position x,y on LCD             //// 
.................... ////                                                                       //// 
.................... ////  lcd_cursor_on(int1 on)   Turn the cursor on (on=TRUE) or off         //// 
.................... ////              (on=FALSE).                                              //// 
.................... ////                                                                       //// 
.................... ////  lcd_set_cgram_char(w, *p)   Write a custom character to the CGRAM.   //// 
.................... ////                                                                       //// 
.................... ////                                                                       //// 
.................... ////  CONFIGURATION                                                        //// 
.................... ////  The LCD can be configured in one of two ways: a.) port access or     //// 
.................... ////  b.) pin access.  Port access requires the entire 7 bit interface     //// 
.................... ////  connected to one GPIO port, and the data bits (D4:D7 of the LCD)     //// 
.................... ////  connected to sequential pins on the GPIO.  Pin access                //// 
.................... ////  has no requirements, all 7 bits of the control interface can         //// 
.................... ////  can be connected to any GPIO using several ports.                    //// 
.................... ////                                                                       //// 
.................... ////  To use port access, #define LCD_DATA_PORT to the SFR location of     //// 
.................... ////  of the GPIO port that holds the interface, -AND- edit LCD_PIN_MAP    //// 
.................... ////  of this file to configure the pin order.  If you are using a         //// 
.................... ////  baseline PIC (PCB), then LCD_OUTPUT_MAP and LCD_INPUT_MAP also must  //// 
.................... ////  be defined.                                                          //// 
.................... ////                                                                       //// 
.................... ////  Example of port access:                                              //// 
.................... ////     #define LCD_DATA_PORT getenv("SFR:PORTD")                         //// 
.................... ////                                                                       //// 
.................... ////  To use pin access, the following pins must be defined:               //// 
.................... ////     LCD_ENABLE_PIN                                                    //// 
.................... ////     LCD_RS_PIN                                                        //// 
.................... ////     LCD_RW_PIN                                                        //// 
.................... ////     LCD_DATA4                                                         //// 
.................... ////     LCD_DATA5                                                         //// 
.................... ////     LCD_DATA6                                                         //// 
.................... ////     LCD_DATA7                                                         //// 
.................... ////                                                                       //// 
.................... ////  Example of pin access:                                               //// 
.................... ////     #define LCD_ENABLE_PIN  PIN_E0                                    //// 
.................... ////     #define LCD_RS_PIN      PIN_E1                                    //// 
.................... ////     #define LCD_RW_PIN      PIN_E2                                    //// 
.................... ////     #define LCD_DATA4       PIN_D4                                    //// 
.................... ////     #define LCD_DATA5       PIN_D5                                    //// 
.................... ////     #define LCD_DATA6       PIN_D6                                    //// 
.................... ////     #define LCD_DATA7       PIN_D7                                    //// 
.................... ////                                                                       //// 
.................... /////////////////////////////////////////////////////////////////////////////// 
.................... ////        (C) Copyright 1996,2010 Custom Computer Services           //// 
.................... //// This source code may only be used by licensed users of the CCS C  //// 
.................... //// compiler.  This source code may only be distributed to other      //// 
.................... //// licensed users of the CCS C compiler.  No other use, reproduction //// 
.................... //// or distribution is permitted without written permission.          //// 
.................... //// Derivative programs created using this software in object code    //// 
.................... //// form are not restricted in any way.                               //// 
.................... /////////////////////////////////////////////////////////////////////////// 
....................  
.................... #ifndef __LCD_C__ 
.................... #define __LCD_C__ 
....................  
.................... // define the pinout. 
.................... // only required if port access is being used. 
.................... typedef struct   
.................... {                            // This structure is overlayed 
....................    int1 enable;           // on to an I/O port to gain 
....................    int1 rs;               // access to the LCD pins. 
....................    int1 rw;               // The bits are allocated from 
....................    int1 unused;           // low order up.  ENABLE will 
....................    unsigned int     data : 4;         // be LSB pin of that port. 
....................   #if defined(__PCD__)       // The port used will be LCD_DATA_PORT. 
....................    unsigned int    reserved: 8; 
....................   #endif 
.................... } LCD_PIN_MAP; 
....................  
.................... // this is to improve compatability with previous LCD drivers that accepted 
.................... // a define labeled 'use_portb_lcd' that configured the LCD onto port B. 
.................... #if ((defined(use_portb_lcd)) && (use_portb_lcd==TRUE)) 
....................  #define LCD_DATA_PORT getenv("SFR:PORTB") 
.................... #endif 
....................  
.................... #if defined(__PCB__) 
....................    // these definitions only need to be modified for baseline PICs. 
....................    // all other PICs use LCD_PIN_MAP or individual LCD_xxx pin definitions. 
.................... /*                                    EN, RS,   RW,   UNUSED,  DATA  */ 
....................  const LCD_PIN_MAP LCD_OUTPUT_MAP =  {0,  0,    0,    0,       0}; 
....................  const LCD_PIN_MAP LCD_INPUT_MAP =   {0,  0,    0,    0,       0xF}; 
.................... #endif 
....................  
.................... ////////////////////// END CONFIGURATION /////////////////////////////////// 
....................  
.................... #ifndef LCD_ENABLE_PIN 
....................    #define lcd_output_enable(x) lcdlat.enable=x 
....................    #define lcd_enable_tris()   lcdtris.enable=0 
.................... #else 
....................    #define lcd_output_enable(x) output_bit(LCD_ENABLE_PIN, x) 
....................    #define lcd_enable_tris()  output_drive(LCD_ENABLE_PIN) 
.................... #endif 
....................  
.................... #ifndef LCD_RS_PIN 
....................    #define lcd_output_rs(x) lcdlat.rs=x 
....................    #define lcd_rs_tris()   lcdtris.rs=0 
.................... #else 
....................    #define lcd_output_rs(x) output_bit(LCD_RS_PIN, x) 
....................    #define lcd_rs_tris()  output_drive(LCD_RS_PIN) 
.................... #endif 
....................  
.................... #ifndef LCD_RW_PIN 
....................    #define lcd_output_rw(x) lcdlat.rw=x 
....................    #define lcd_rw_tris()   lcdtris.rw=0 
.................... #else 
....................    #define lcd_output_rw(x) output_bit(LCD_RW_PIN, x) 
....................    #define lcd_rw_tris()  output_drive(LCD_RW_PIN) 
.................... #endif 
....................  
.................... // original version of this library incorrectly labeled LCD_DATA0 as LCD_DATA4, 
.................... // LCD_DATA1 as LCD_DATA5, and so on.  this block of code makes the driver 
.................... // compatible with any code written for the original library 
.................... #if (defined(LCD_DATA0) && defined(LCD_DATA1) && defined(LCD_DATA2) && defined(LCD_DATA3) && !defined(LCD_DATA4) && !defined(LCD_DATA5) && !defined(LCD_DATA6) && !defined(LCD_DATA7)) 
....................    #define  LCD_DATA4    LCD_DATA0 
....................    #define  LCD_DATA5    LCD_DATA1 
....................    #define  LCD_DATA6    LCD_DATA2 
....................    #define  LCD_DATA7    LCD_DATA3 
.................... #endif 
....................  
.................... #ifndef LCD_DATA4 
.................... #ifndef LCD_DATA_PORT 
....................    #if defined(__PCB__) 
....................       #define LCD_DATA_PORT      0x06     //portb 
....................       #define set_tris_lcd(x)   set_tris_b(x) 
....................    #else 
....................      #if defined(PIN_D0) 
....................       #define LCD_DATA_PORT      getenv("SFR:PORTD")     //portd 
....................      #else 
....................       #define LCD_DATA_PORT      getenv("SFR:PORTB")     //portb 
....................      #endif 
....................    #endif    
.................... #endif 
....................  
.................... #if defined(__PCB__) 
....................    LCD_PIN_MAP lcd, lcdlat; 
....................    #byte lcd = LCD_DATA_PORT 
....................    #byte lcdlat = LCD_DATA_PORT 
.................... #elif defined(__PCM__) 
....................    LCD_PIN_MAP lcd, lcdlat, lcdtris; 
....................    #byte lcd = LCD_DATA_PORT 
....................    #byte lcdlat = LCD_DATA_PORT 
....................    #byte lcdtris = LCD_DATA_PORT+0x80 
.................... #elif defined(__PCH__) 
....................    LCD_PIN_MAP lcd, lcdlat, lcdtris; 
....................    #byte lcd = LCD_DATA_PORT 
....................    #byte lcdlat = LCD_DATA_PORT+9 
....................    #byte lcdtris = LCD_DATA_PORT+0x12 
.................... #elif defined(__PCD__) 
....................    LCD_PIN_MAP lcd, lcdlat, lcdtris; 
....................    #word lcd = LCD_DATA_PORT 
....................    #word lcdlat = LCD_DATA_PORT+2 
....................    #word lcdtris = LCD_DATA_PORT-0x02 
.................... #endif 
.................... #endif   //LCD_DATA4 not defined 
....................  
.................... #ifndef LCD_TYPE 
....................    #define LCD_TYPE 2           // 0=5x7, 1=5x10, 2=2 lines 
.................... #endif 
....................  
.................... #ifndef LCD_LINE_TWO 
....................    #define LCD_LINE_TWO 0x40    // LCD RAM address for the second line 
.................... #endif 
....................  
.................... #ifndef LCD_LINE_LENGTH 
....................    #define LCD_LINE_LENGTH 20 
.................... #endif 
....................  
.................... unsigned int8 lcd_read_nibble(void); 
....................  
.................... unsigned int8 lcd_read_byte(void) 
.................... { 
....................    unsigned int8 low,high; 
....................  
....................  #if defined(__PCB__) 
....................    set_tris_lcd(LCD_INPUT_MAP); 
....................  #else 
....................   #if (defined(LCD_DATA4) && defined(LCD_DATA5) && defined(LCD_DATA6) && defined(LCD_DATA7)) 
....................    output_float(LCD_DATA4); 
....................    output_float(LCD_DATA5); 
....................    output_float(LCD_DATA6); 
....................    output_float(LCD_DATA7); 
....................   #else 
....................    lcdtris.data = 0xF; 
*
0044:  MOVLW  0F
0045:  BSF    03.5
0046:  ANDWF  08,W
0047:  IORLW  F0
0048:  MOVWF  08
....................   #endif 
....................  #endif 
....................          
....................    lcd_output_rw(1); 
0049:  BCF    03.5
004A:  BSF    08.2
....................    delay_cycles(1); 
004B:  NOP
....................    lcd_output_enable(1); 
004C:  BSF    08.0
....................    delay_cycles(1); 
004D:  NOP
....................    high = lcd_read_nibble(); 
004E:  CALL   038
004F:  MOVF   78,W
0050:  MOVWF  2D
....................        
....................    lcd_output_enable(0); 
0051:  BCF    08.0
....................    delay_cycles(1); 
0052:  NOP
....................    lcd_output_enable(1); 
0053:  BSF    08.0
....................    delay_us(1); 
0054:  GOTO   055
0055:  GOTO   056
0056:  NOP
....................    low = lcd_read_nibble(); 
0057:  CALL   038
0058:  MOVF   78,W
0059:  MOVWF  2C
....................        
....................    lcd_output_enable(0); 
005A:  BCF    08.0
....................  
....................  #if defined(__PCB__) 
....................    set_tris_lcd(LCD_OUTPUT_MAP); 
....................  #else 
....................   #if (defined(LCD_DATA4) && defined(LCD_DATA5) && defined(LCD_DATA6) && defined(LCD_DATA7)) 
....................    output_drive(LCD_DATA4); 
....................    output_drive(LCD_DATA5); 
....................    output_drive(LCD_DATA6); 
....................    output_drive(LCD_DATA7); 
....................   #else 
....................    lcdtris.data = 0x0; 
005B:  MOVLW  0F
005C:  BSF    03.5
005D:  ANDWF  08,W
005E:  MOVWF  08
....................   #endif 
....................  #endif 
....................  
....................    return( (high<<4) | low); 
005F:  BCF    03.5
0060:  SWAPF  2D,W
0061:  MOVWF  77
0062:  MOVLW  F0
0063:  ANDWF  77,F
0064:  MOVF   77,W
0065:  IORWF  2C,W
0066:  MOVWF  78
.................... } 
....................  
.................... unsigned int8 lcd_read_nibble(void) 
.................... { 
....................   #if (defined(LCD_DATA4) && defined(LCD_DATA5) && defined(LCD_DATA6) && defined(LCD_DATA7)) 
....................    unsigned int8 n = 0x00; 
....................  
....................    /* Read the data port */ 
....................    n |= input(LCD_DATA4); 
....................    n |= input(LCD_DATA5) << 1; 
....................    n |= input(LCD_DATA6) << 2; 
....................    n |= input(LCD_DATA7) << 3; 
....................     
....................    return(n); 
....................   #else 
....................    return(lcd.data); 
*
0038:  MOVF   08,W
0039:  MOVWF  77
003A:  SWAPF  08,W
003B:  ANDLW  0F
003C:  MOVWF  78
....................   #endif 
003D:  RETURN
.................... } 
....................  
.................... void lcd_send_nibble(unsigned int8 n) 
.................... { 
....................   #if (defined(LCD_DATA4) && defined(LCD_DATA5) && defined(LCD_DATA6) && defined(LCD_DATA7)) 
....................    /* Write to the data port */ 
....................    output_bit(LCD_DATA4, bit_test(n, 0)); 
....................    output_bit(LCD_DATA5, bit_test(n, 1)); 
....................    output_bit(LCD_DATA6, bit_test(n, 2)); 
....................    output_bit(LCD_DATA7, bit_test(n, 3)); 
....................   #else       
....................    lcdlat.data = n; 
*
0029:  SWAPF  2D,W
002A:  ANDLW  F0
002B:  MOVWF  77
002C:  MOVLW  0F
002D:  ANDWF  08,W
002E:  IORWF  77,W
002F:  MOVWF  08
....................   #endif 
....................        
....................    delay_cycles(1); 
0030:  NOP
....................    lcd_output_enable(1); 
0031:  BSF    08.0
....................    delay_us(2); 
0032:  MOVLW  03
0033:  MOVWF  77
0034:  DECFSZ 77,F
0035:  GOTO   034
....................    lcd_output_enable(0); 
0036:  BCF    08.0
0037:  RETURN
.................... } 
....................  
.................... void lcd_send_byte(unsigned int8 address, unsigned int8 n) 
.................... { 
....................   #if defined(__PCB__) 
....................    set_tris_lcd(LCD_OUTPUT_MAP); 
....................   #else 
....................    lcd_enable_tris(); 
*
003E:  BSF    03.5
003F:  BCF    08.0
....................    lcd_rs_tris(); 
0040:  BCF    08.1
....................    lcd_rw_tris(); 
0041:  BCF    08.2
....................   #endif 
....................  
....................    lcd_output_rs(0); 
0042:  BCF    03.5
0043:  BCF    08.1
....................    while ( bit_test(lcd_read_byte(),7) ) ; 
*
0067:  MOVF   78,W
0068:  MOVWF  2C
0069:  BTFSC  2C.7
006A:  GOTO   044
....................    lcd_output_rs(address); 
006B:  BTFSS  2A.0
006C:  BCF    08.1
006D:  BTFSC  2A.0
006E:  BSF    08.1
....................    delay_cycles(1); 
006F:  NOP
....................    lcd_output_rw(0); 
0070:  BCF    08.2
....................    delay_cycles(1); 
0071:  NOP
....................    lcd_output_enable(0); 
0072:  BCF    08.0
....................    lcd_send_nibble(n >> 4); 
0073:  SWAPF  2B,W
0074:  MOVWF  2C
0075:  MOVLW  0F
0076:  ANDWF  2C,F
0077:  MOVF   2C,W
0078:  MOVWF  2D
0079:  CALL   029
....................    lcd_send_nibble(n & 0xf); 
007A:  MOVF   2B,W
007B:  ANDLW  0F
007C:  MOVWF  2C
007D:  MOVWF  2D
007E:  CALL   029
007F:  RETURN
.................... } 
....................  
.................... #if defined(LCD_EXTENDED_NEWLINE) 
.................... unsigned int8 g_LcdX, g_LcdY; 
.................... #endif 
....................  
.................... void lcd_init(void)  
.................... { 
....................    unsigned int8 i; 
....................    unsigned int8 LCD_INIT_STRING[4] = {0x20 | (LCD_TYPE << 2), 0xc, 1, 6}; 
0080:  MOVLW  28
0081:  MOVWF  23
0082:  MOVLW  0C
0083:  MOVWF  24
0084:  MOVLW  01
0085:  MOVWF  25
0086:  MOVLW  06
0087:  MOVWF  26
....................                              // These bytes need to be sent to the LCD 
....................                              // to start it up. 
....................     
....................  
....................    lcd_output_enable(0); 
0088:  BCF    08.0
....................    lcd_output_rs(0); 
0089:  BCF    08.1
....................    lcd_output_rw(0); 
008A:  BCF    08.2
....................  
....................  #if defined(__PCB__) 
....................    set_tris_lcd(LCD_OUTPUT_MAP); 
....................  #else 
....................   #if (defined(LCD_DATA4) && defined(LCD_DATA5) && defined(LCD_DATA6) && defined(LCD_DATA7)) 
....................    output_drive(LCD_DATA4); 
....................    output_drive(LCD_DATA5); 
....................    output_drive(LCD_DATA6); 
....................    output_drive(LCD_DATA7); 
....................   #else 
....................    lcdtris.data = 0x0; 
008B:  MOVLW  0F
008C:  BSF    03.5
008D:  ANDWF  08,W
008E:  MOVWF  08
....................   #endif 
....................    lcd_enable_tris(); 
008F:  BCF    08.0
....................    lcd_rs_tris(); 
0090:  BCF    08.1
....................    lcd_rw_tris(); 
0091:  BCF    08.2
....................  #endif 
....................      
....................    delay_ms(15); 
0092:  MOVLW  0F
0093:  BCF    03.5
0094:  MOVWF  27
0095:  CALL   015
....................    for(i=1;i<=3;++i) 
0096:  MOVLW  01
0097:  MOVWF  22
0098:  MOVF   22,W
0099:  SUBLW  03
009A:  BTFSS  03.0
009B:  GOTO   0A4
....................    { 
....................        lcd_send_nibble(3); 
009C:  MOVLW  03
009D:  MOVWF  2D
009E:  CALL   029
....................        delay_ms(5); 
009F:  MOVLW  05
00A0:  MOVWF  27
00A1:  CALL   015
00A2:  INCF   22,F
00A3:  GOTO   098
....................    } 
....................     
....................    lcd_send_nibble(2); 
00A4:  MOVLW  02
00A5:  MOVWF  2D
00A6:  CALL   029
....................    delay_ms(5); 
00A7:  MOVLW  05
00A8:  MOVWF  27
00A9:  CALL   015
....................    for(i=0;i<=3;++i) 
00AA:  CLRF   22
00AB:  MOVF   22,W
00AC:  SUBLW  03
00AD:  BTFSS  03.0
00AE:  GOTO   0BB
....................       lcd_send_byte(0,LCD_INIT_STRING[i]); 
00AF:  MOVLW  23
00B0:  ADDWF  22,W
00B1:  MOVWF  04
00B2:  BCF    03.7
00B3:  MOVF   00,W
00B4:  MOVWF  27
00B5:  CLRF   2A
00B6:  MOVF   27,W
00B7:  MOVWF  2B
00B8:  CALL   03E
....................  
....................   #if defined(LCD_EXTENDED_NEWLINE) 
00B9:  INCF   22,F
00BA:  GOTO   0AB
00BB:  BCF    0A.3
00BC:  BCF    0A.4
00BD:  GOTO   161 (RETURN)
....................    g_LcdX = 0; 
....................    g_LcdY = 0; 
....................   #endif 
.................... } 
....................  
.................... void lcd_gotoxy(unsigned int8 x, unsigned int8 y) 
.................... { 
....................    unsigned int8 address; 
....................     
....................    if(y!=1) 
00BE:  DECFSZ 27,W
00BF:  GOTO   0C1
00C0:  GOTO   0C4
....................       address=LCD_LINE_TWO; 
00C1:  MOVLW  40
00C2:  MOVWF  28
00C3:  GOTO   0C5
....................    else 
....................       address=0; 
00C4:  CLRF   28
....................       
....................    address+=x-1; 
00C5:  MOVLW  01
00C6:  SUBWF  26,W
00C7:  ADDWF  28,F
....................    lcd_send_byte(0,0x80|address); 
00C8:  MOVF   28,W
00C9:  IORLW  80
00CA:  MOVWF  29
00CB:  CLRF   2A
00CC:  MOVF   29,W
00CD:  MOVWF  2B
00CE:  CALL   03E
....................  
....................   #if defined(LCD_EXTENDED_NEWLINE) 
00CF:  RETURN
....................    g_LcdX = x - 1; 
....................    g_LcdY = y - 1; 
....................   #endif 
.................... } 
....................  
.................... void lcd_putc(char c) 
.................... { 
....................    switch (c) 
00D0:  MOVF   25,W
00D1:  XORLW  07
00D2:  BTFSC  03.2
00D3:  GOTO   0DE
00D4:  XORLW  0B
00D5:  BTFSC  03.2
00D6:  GOTO   0E3
00D7:  XORLW  06
00D8:  BTFSC  03.2
00D9:  GOTO   0EB
00DA:  XORLW  02
00DB:  BTFSC  03.2
00DC:  GOTO   0F1
00DD:  GOTO   0F6
....................    { 
....................       case '\a'   :  lcd_gotoxy(1,1);     break; 
00DE:  MOVLW  01
00DF:  MOVWF  26
00E0:  MOVWF  27
00E1:  CALL   0BE
00E2:  GOTO   0FB
....................  
....................       case '\f'   :  lcd_send_byte(0,1); 
00E3:  CLRF   2A
00E4:  MOVLW  01
00E5:  MOVWF  2B
00E6:  CALL   03E
....................                      delay_ms(2); 
00E7:  MOVLW  02
00E8:  MOVWF  27
00E9:  CALL   015
....................                     #if defined(LCD_EXTENDED_NEWLINE) 
....................                      g_LcdX = 0; 
....................                      g_LcdY = 0; 
....................                     #endif 
....................                      break; 
00EA:  GOTO   0FB
....................  
....................      #if defined(LCD_EXTENDED_NEWLINE) 
....................       case '\r'   :  lcd_gotoxy(1, g_LcdY+1);   break; 
....................       case '\n'   : 
....................          while (g_LcdX++ < LCD_LINE_LENGTH) 
....................          { 
....................             lcd_send_byte(1, ' '); 
....................          } 
....................          lcd_gotoxy(1, g_LcdY+2); 
....................          break; 
....................      #else 
....................       case '\n'   : lcd_gotoxy(1,2);        break; 
00EB:  MOVLW  01
00EC:  MOVWF  26
00ED:  MOVLW  02
00EE:  MOVWF  27
00EF:  CALL   0BE
00F0:  GOTO   0FB
....................      #endif 
....................       
....................       case '\b'   : lcd_send_byte(0,0x10);  break; 
00F1:  CLRF   2A
00F2:  MOVLW  10
00F3:  MOVWF  2B
00F4:  CALL   03E
00F5:  GOTO   0FB
....................       
....................      #if defined(LCD_EXTENDED_NEWLINE) 
....................       default     :  
....................          if (g_LcdX < LCD_LINE_LENGTH) 
....................          { 
....................             lcd_send_byte(1, c); 
....................             g_LcdX++; 
....................          } 
....................          break; 
....................      #else 
....................       default     : lcd_send_byte(1,c);     break; 
00F6:  MOVLW  01
00F7:  MOVWF  2A
00F8:  MOVF   25,W
00F9:  MOVWF  2B
00FA:  CALL   03E
....................      #endif 
....................    } 
00FB:  RETURN
.................... } 
....................   
.................... char lcd_getc(unsigned int8 x, unsigned int8 y) 
.................... { 
....................    char value; 
....................  
....................    lcd_gotoxy(x,y); 
....................    while ( bit_test(lcd_read_byte(),7) ); // wait until busy flag is low 
....................    lcd_output_rs(1); 
....................    value = lcd_read_byte(); 
....................    lcd_output_rs(0); 
....................     
....................    return(value); 
.................... } 
....................  
.................... // write a custom character to the ram 
.................... // which is 0-7 and specifies which character array we are modifying. 
.................... // ptr points to an array of 8 bytes, where each byte is the next row of 
.................... //    pixels.  only bits 0-4 are used.  the last row is the cursor row, and 
.................... //    usually you will want to leave this byte 0x00. 
.................... void lcd_set_cgram_char(unsigned int8 which, unsigned int8 *ptr) 
.................... { 
....................    unsigned int i; 
....................  
....................    which <<= 3; 
....................    which &= 0x38; 
....................  
....................    lcd_send_byte(0, 0x40 | which);  //set cgram address 
....................  
....................    for(i=0; i<8; i++) 
....................    { 
....................       lcd_send_byte(1, *ptr++); 
....................    } 
....................    
....................    #if defined(LCD_EXTENDED_NEWLINE) 
....................     lcd_gotoxy(g_LcdX+1, g_LcdY+1);  //set ddram address 
....................    #endif 
.................... } 
....................  
.................... void lcd_cursor_on(int1 on) 
.................... { 
....................    if (on) 
....................    { 
....................       lcd_send_byte(0,0x0F);           //turn LCD cursor ON 
....................    } 
....................    else 
....................    { 
....................       lcd_send_byte(0,0x0C);           //turn LCD cursor OFF 
....................    } 
.................... } 
....................  
.................... #endif 
....................  
.................... #define use_portb_lcd 
....................  
.................... void main () 
*
0152:  MOVF   03,W
0153:  ANDLW  1F
0154:  MOVWF  03
0155:  CLRF   21
0156:  CLRF   20
0157:  BSF    03.5
0158:  BSF    1F.0
0159:  BSF    1F.1
015A:  BSF    1F.2
015B:  BCF    1F.3
015C:  MOVLW  07
015D:  MOVWF  1C
015E:  BCF    03.7
....................    { 
....................       lcd_init(); 
015F:  BCF    03.5
0160:  GOTO   080
....................       while (TRUE)  
....................       { 
....................          printf(lcd_putc, "ILove You Shanta"); 
0161:  MOVLW  04
0162:  BSF    03.6
0163:  MOVWF  0D
0164:  MOVLW  00
0165:  MOVWF  0F
0166:  BCF    03.6
0167:  CALL   0FC
....................          delay_ms (6000); 
0168:  MOVLW  18
0169:  MOVWF  22
016A:  MOVLW  FA
016B:  MOVWF  27
016C:  CALL   015
016D:  DECFSZ 22,F
016E:  GOTO   16A
....................          printf(lcd_putc, "\f"); 
016F:  MOVLW  0C
0170:  MOVWF  25
0171:  CALL   0D0
....................          delay_ms (500); 
0172:  MOVLW  02
0173:  MOVWF  22
0174:  MOVLW  FA
0175:  MOVWF  27
0176:  CALL   015
0177:  DECFSZ 22,F
0178:  GOTO   174
....................          printf(lcd_putc, "\nCodewithashim"); 
0179:  MOVLW  0D
017A:  BSF    03.6
017B:  MOVWF  0D
017C:  MOVLW  00
017D:  MOVWF  0F
017E:  BCF    03.6
017F:  CALL   0FC
....................          delay_ms (6000); 
0180:  MOVLW  18
0181:  MOVWF  22
0182:  MOVLW  FA
0183:  MOVWF  27
0184:  CALL   015
0185:  DECFSZ 22,F
0186:  GOTO   182
....................          printf(lcd_putc, "\f"); 
0187:  MOVLW  0C
0188:  MOVWF  25
0189:  CALL   0D0
....................          delay_ms (500); 
018A:  MOVLW  02
018B:  MOVWF  22
018C:  MOVLW  FA
018D:  MOVWF  27
018E:  CALL   015
018F:  DECFSZ 22,F
0190:  GOTO   18C
0191:  GOTO   161
....................       } 
....................     
....................    } 
....................  
0192:  SLEEP
....................  

Configuration Fuses:
   Word  1: 2F42   HS NOWDT PUT BROWNOUT NOLVP NOCPD NOWRT NODEBUG NOPROTECT
